# JRE version: OpenJDK Runtime Environment (8.0_152-b01) (build 1.8.0_152-release-1248-b01)
# Java VM: OpenJDK 64-Bit Server VM (25.152-b01 mixed mode linux-amd64 compressed oops)
Heap:
 PSYoungGen      total 261632K, used 6405K [0x00000000e0000000, 0x00000000f0e80000, 0x0000000100000000)
  eden space 246272K, 0% used [0x00000000e0000000,0x00000000e0000000,0x00000000ef080000)
  from space 15360K, 41% used [0x00000000ef080000,0x00000000ef6c1628,0x00000000eff80000)
  to   space 4096K, 0% used [0x00000000f0a80000,0x00000000f0a80000,0x00000000f0e80000)
 ParOldGen       total 102912K, used 17099K [0x00000000a0000000, 0x00000000a6480000, 0x00000000e0000000)
  object space 102912K, 16% used [0x00000000a0000000,0x00000000a10b2d38,0x00000000a6480000)
 Metaspace       used 40722K, capacity 41344K, committed 41728K, reserved 1085440K
  class space    used 5273K, capacity 5517K, committed 5632K, reserved 1048576K
GC Heap History (10 events):
Event: 5,297 GC heap after
Heap after GC invocations=6 (full 1):
 PSYoungGen      total 132096K, used 5088K [0x00000000e0000000, 0x00000000ed780000, 0x0000000100000000)
  eden space 126976K, 0% used [0x00000000e0000000,0x00000000e0000000,0x00000000e7c00000)
  from space 5120K, 99% used [0x00000000e7c00000,0x00000000e80f8020,0x00000000e8100000)
  to   space 15360K, 0% used [0x00000000ec880000,0x00000000ec880000,0x00000000ed780000)
 ParOldGen       total 65536K, used 17621K [0x00000000a0000000, 0x00000000a4000000, 0x00000000e0000000)
  object space 65536K, 26% used [0x00000000a0000000,0x00000000a1135720,0x00000000a4000000)
 Metaspace       used 31056K, capacity 31504K, committed 31616K, reserved 1077248K
  class space    used 4294K, capacity 4468K, committed 4480K, reserved 1048576K
}
Event: 6,107 GC heap before
{Heap before GC invocations=7 (full 1):
 PSYoungGen      total 132096K, used 53559K [0x00000000e0000000, 0x00000000ed780000, 0x0000000100000000)
  eden space 126976K, 38% used [0x00000000e0000000,0x00000000e2f55f50,0x00000000e7c00000)
  from space 5120K, 99% used [0x00000000e7c00000,0x00000000e80f8020,0x00000000e8100000)
  to   space 15360K, 0% used [0x00000000ec880000,0x00000000ec880000,0x00000000ed780000)
 ParOldGen       total 65536K, used 17621K [0x00000000a0000000, 0x00000000a4000000, 0x00000000e0000000)
  object space 65536K, 26% used [0x00000000a0000000,0x00000000a1135720,0x00000000a4000000)
 Metaspace       used 34801K, capacity 35358K, committed 35456K, reserved 1079296K
  class space    used 4760K, capacity 4980K, committed 4992K, reserved 1048576K
Event: 6,127 GC heap after
Heap after GC invocations=7 (full 1):
 PSYoungGen      total 205312K, used 10102K [0x00000000e0000000, 0x00000000edc00000, 0x0000000100000000)
  eden space 189952K, 0% used [0x00000000e0000000,0x00000000e0000000,0x00000000eb980000)
  from space 15360K, 65% used [0x00000000ec880000,0x00000000ed25d8f0,0x00000000ed780000)
  to   space 15360K, 0% used [0x00000000eb980000,0x00000000eb980000,0x00000000ec880000)
 ParOldGen       total 65536K, used 17629K [0x00000000a0000000, 0x00000000a4000000, 0x00000000e0000000)
  object space 65536K, 26% used [0x00000000a0000000,0x00000000a1137720,0x00000000a4000000)
 Metaspace       used 34801K, capacity 35358K, committed 35456K, reserved 1079296K
  class space    used 4760K, capacity 4980K, committed 4992K, reserved 1048576K
}
Event: 6,127 GC heap before
{Heap before GC invocations=8 (full 2):
 PSYoungGen      total 205312K, used 10102K [0x00000000e0000000, 0x00000000edc00000, 0x0000000100000000)
  eden space 189952K, 0% used [0x00000000e0000000,0x00000000e0000000,0x00000000eb980000)
  from space 15360K, 65% used [0x00000000ec880000,0x00000000ed25d8f0,0x00000000ed780000)
  to   space 15360K, 0% used [0x00000000eb980000,0x00000000eb980000,0x00000000ec880000)
 ParOldGen       total 65536K, used 17629K [0x00000000a0000000, 0x00000000a4000000, 0x00000000e0000000)
  object space 65536K, 26% used [0x00000000a0000000,0x00000000a1137720,0x00000000a4000000)
 Metaspace       used 34801K, capacity 35358K, committed 35456K, reserved 1079296K
  class space    used 4760K, capacity 4980K, committed 4992K, reserved 1048576K
Event: 6,222 GC heap after
Heap after GC invocations=8 (full 2):
 PSYoungGen      total 205312K, used 0K [0x00000000e0000000, 0x00000000edc00000, 0x0000000100000000)
  eden space 189952K, 0% used [0x00000000e0000000,0x00000000e0000000,0x00000000eb980000)
  from space 15360K, 0% used [0x00000000ec880000,0x00000000ec880000,0x00000000ed780000)
  to   space 15360K, 0% used [0x00000000eb980000,0x00000000eb980000,0x00000000ec880000)
 ParOldGen       total 102912K, used 16995K [0x00000000a0000000, 0x00000000a6480000, 0x00000000e0000000)
  object space 102912K, 16% used [0x00000000a0000000,0x00000000a1098d28,0x00000000a6480000)
 Metaspace       used 34764K, capacity 35310K, committed 35456K, reserved 1079296K
  class space    used 4747K, capacity 4964K, committed 4992K, reserved 1048576K
}
Event: 29,869 GC heap before
{Heap before GC invocations=9 (full 2):
 PSYoungGen      total 205312K, used 189952K [0x00000000e0000000, 0x00000000edc00000, 0x0000000100000000)
  eden space 189952K, 100% used [0x00000000e0000000,0x00000000eb980000,0x00000000eb980000)
  from space 15360K, 0% used [0x00000000ec880000,0x00000000ec880000,0x00000000ed780000)
  to   space 15360K, 0% used [0x00000000eb980000,0x00000000eb980000,0x00000000ec880000)
 ParOldGen       total 102912K, used 16995K [0x00000000a0000000, 0x00000000a6480000, 0x00000000e0000000)
  object space 102912K, 16% used [0x00000000a0000000,0x00000000a1098d28,0x00000000a6480000)
 Metaspace       used 40462K, capacity 41088K, committed 41472K, reserved 1085440K
  class space    used 5267K, capacity 5517K, committed 5632K, reserved 1048576K
Event: 29,899 GC heap after
Heap after GC invocations=9 (full 2):
 PSYoungGen      total 205312K, used 5151K [0x00000000e0000000, 0x00000000f1980000, 0x0000000100000000)
  eden space 189952K, 0% used [0x00000000e0000000,0x00000000e0000000,0x00000000eb980000)
  from space 15360K, 33% used [0x00000000eb980000,0x00000000ebe87dd8,0x00000000ec880000)
  to   space 15360K, 0% used [0x00000000f0a80000,0x00000000f0a80000,0x00000000f1980000)
 ParOldGen       total 102912K, used 17075K [0x00000000a0000000, 0x00000000a6480000, 0x00000000e0000000)
  object space 102912K, 16% used [0x00000000a0000000,0x00000000a10acd38,0x00000000a6480000)
 Metaspace       used 40462K, capacity 41088K, committed 41472K, reserved 1085440K
  class space    used 5267K, capacity 5517K, committed 5632K, reserved 1048576K
}
Event: 43,854 GC heap before
{Heap before GC invocations=10 (full 2):
 PSYoungGen      total 205312K, used 195103K [0x00000000e0000000, 0x00000000f1980000, 0x0000000100000000)
  eden space 189952K, 100% used [0x00000000e0000000,0x00000000eb980000,0x00000000eb980000)
  from space 15360K, 33% used [0x00000000eb980000,0x00000000ebe87dd8,0x00000000ec880000)
  to   space 15360K, 0% used [0x00000000f0a80000,0x00000000f0a80000,0x00000000f1980000)
 ParOldGen       total 102912K, used 17075K [0x00000000a0000000, 0x00000000a6480000, 0x00000000e0000000)
  object space 102912K, 16% used [0x00000000a0000000,0x00000000a10acd38,0x00000000a6480000)
 Metaspace       used 40566K, capacity 41216K, committed 41728K, reserved 1085440K
  class space    used 5272K, capacity 5517K, committed 5632K, reserved 1048576K
Event: 43,873 GC heap after
Heap after GC invocations=10 (full 2):
 PSYoungGen      total 250368K, used 3602K [0x00000000e0000000, 0x00000000f0e80000, 0x0000000100000000)
  eden space 246272K, 0% used [0x00000000e0000000,0x00000000e0000000,0x00000000ef080000)
  from space 4096K, 87% used [0x00000000f0a80000,0x00000000f0e04a90,0x00000000f0e80000)
  to   space 15360K, 0% used [0x00000000ef080000,0x00000000ef080000,0x00000000eff80000)
 ParOldGen       total 102912K, used 17083K [0x00000000a0000000, 0x00000000a6480000, 0x00000000e0000000)
  object space 102912K, 16% used [0x00000000a0000000,0x00000000a10aed38,0x00000000a6480000)
 Metaspace       used 40566K, capacity 41216K, committed 41728K, reserved 1085440K
  class space    used 5272K, capacity 5517K, committed 5632K, reserved 1048576K
}
Event: 53,902 GC heap before
{Heap before GC invocations=11 (full 2):
 PSYoungGen      total 250368K, used 249874K [0x00000000e0000000, 0x00000000f0e80000, 0x0000000100000000)
  eden space 246272K, 100% used [0x00000000e0000000,0x00000000ef080000,0x00000000ef080000)
  from space 4096K, 87% used [0x00000000f0a80000,0x00000000f0e04a90,0x00000000f0e80000)
  to   space 15360K, 0% used [0x00000000ef080000,0x00000000ef080000,0x00000000eff80000)
 ParOldGen       total 102912K, used 17083K [0x00000000a0000000, 0x00000000a6480000, 0x00000000e0000000)
  object space 102912K, 16% used [0x00000000a0000000,0x00000000a10aed38,0x00000000a6480000)
 Metaspace       used 40722K, capacity 41344K, committed 41728K, reserved 1085440K
  class space    used 5273K, capacity 5517K, committed 5632K, reserved 1048576K

